<?xml version="1.0" encoding="UTF-8"?>
<!-- Generated by org.testng.reporters.JUnitXMLReporter -->
<testsuite ignored="0" hostname="Krishnasaigodena" failures="0" tests="3" name="Test" time="96.948" errors="0" timestamp="2025-11-09T08:18:18 IST">
  <testcase classname="campaigntest.CreateCampaignTest" name="createCampaignWithExpectedCloseDateTest" time="26.126"/>
  <testcase classname="campaigntest.CreateCampaignTest" name="createCampaignWithMandatoryFieldsTest" time="24.529"/>
  <testcase classname="campaigntest.CreateCampaignTest" name="createCampaignWithStatusTest" time="24.665"/>
</testsuite> <!-- Test -->
