<?xml version="1.0" encoding="UTF-8"?>
<!-- Generated by org.testng.reporters.JUnitReportReporter -->
<testsuite hostname="Krishnasaigodena" failures="0" tests="3" name="Practice.WorkingWithHelperAttributes" time="4.697" errors="0" timestamp="2025-11-07T08:04:50 IST" skipped="0">
  <testcase classname="Practice.WorkingWithHelperAttributes" name="productCreation" time="4.693"/>
  <testcase classname="Practice.WorkingWithHelperAttributes" name="updateProduct" time="0.002"/>
  <testcase classname="Practice.WorkingWithHelperAttributes" name="deleteProduct" time="0.002"/>
</testsuite> <!-- Practice.WorkingWithHelperAttributes -->
