<?xml version="1.0" encoding="UTF-8"?>
<!-- Generated by org.testng.reporters.JUnitReportReporter -->
<testsuite hostname="Krishnasaigodena" failures="0" tests="3" name="Practice.WorkingWithDataProvider" time="30.200" errors="0" timestamp="2025-11-08T07:17:09 IST" skipped="0">
  <testcase classname="Practice.WorkingWithDataProvider" name="login" time="6.812"/>
  <testcase classname="Practice.WorkingWithDataProvider" name="login" time="8.912"/>
  <testcase classname="Practice.WorkingWithDataProvider" name="login" time="14.476"/>
</testsuite> <!-- Practice.WorkingWithDataProvider -->
